CRITICAL - 2020-12-12 05:28:28 --> Call to undefined function App\Controllers\view4444()
#0 C:\xampp\htdocs\Dropbox\GitHub\feedNews\system\CodeIgniter.php(918): App\Controllers\Home->index()
#1 C:\xampp\htdocs\Dropbox\GitHub\feedNews\system\CodeIgniter.php(404): CodeIgniter\CodeIgniter->runController(Object(App\Controllers\Home))
#2 C:\xampp\htdocs\Dropbox\GitHub\feedNews\system\CodeIgniter.php(312): CodeIgniter\CodeIgniter->handleRequest(NULL, Object(Config\Cache), false)
#3 C:\xampp\htdocs\Dropbox\GitHub\feedNews\public\index.php(45): CodeIgniter\CodeIgniter->run()
#4 {main}
CRITICAL - 2020-12-12 05:50:01 --> Call to undefined function App\Controllers\views()
#0 C:\xampp\htdocs\Dropbox\GitHub\feedNews\system\CodeIgniter.php(918): App\Controllers\Home->index()
#1 C:\xampp\htdocs\Dropbox\GitHub\feedNews\system\CodeIgniter.php(404): CodeIgniter\CodeIgniter->runController(Object(App\Controllers\Home))
#2 C:\xampp\htdocs\Dropbox\GitHub\feedNews\system\CodeIgniter.php(312): CodeIgniter\CodeIgniter->handleRequest(NULL, Object(Config\Cache), false)
#3 C:\xampp\htdocs\Dropbox\GitHub\feedNews\public\index.php(45): CodeIgniter\CodeIgniter->run()
#4 {main}
CRITICAL - 2020-12-12 05:50:03 --> Call to undefined function App\Controllers\views()
#0 C:\xampp\htdocs\Dropbox\GitHub\feedNews\system\CodeIgniter.php(918): App\Controllers\Home->index()
#1 C:\xampp\htdocs\Dropbox\GitHub\feedNews\system\CodeIgniter.php(404): CodeIgniter\CodeIgniter->runController(Object(App\Controllers\Home))
#2 C:\xampp\htdocs\Dropbox\GitHub\feedNews\system\CodeIgniter.php(312): CodeIgniter\CodeIgniter->handleRequest(NULL, Object(Config\Cache), false)
#3 C:\xampp\htdocs\Dropbox\GitHub\feedNews\public\index.php(45): CodeIgniter\CodeIgniter->run()
#4 {main}
CRITICAL - 2020-12-12 05:50:06 --> Call to undefined function App\Controllers\views()
#0 C:\xampp\htdocs\Dropbox\GitHub\feedNews\system\CodeIgniter.php(918): App\Controllers\Home->index()
#1 C:\xampp\htdocs\Dropbox\GitHub\feedNews\system\CodeIgniter.php(404): CodeIgniter\CodeIgniter->runController(Object(App\Controllers\Home))
#2 C:\xampp\htdocs\Dropbox\GitHub\feedNews\system\CodeIgniter.php(312): CodeIgniter\CodeIgniter->handleRequest(NULL, Object(Config\Cache), false)
#3 C:\xampp\htdocs\Dropbox\GitHub\feedNews\public\index.php(45): CodeIgniter\CodeIgniter->run()
#4 {main}
CRITICAL - 2020-12-12 16:44:15 --> Call to a member function where() on array
#0 C:\xampp\htdocs\Dropbox\GitHub\feedNews\system\CodeIgniter.php(918): App\Controllers\Home->index()
#1 C:\xampp\htdocs\Dropbox\GitHub\feedNews\system\CodeIgniter.php(404): CodeIgniter\CodeIgniter->runController(Object(App\Controllers\Home))
#2 C:\xampp\htdocs\Dropbox\GitHub\feedNews\system\CodeIgniter.php(312): CodeIgniter\CodeIgniter->handleRequest(NULL, Object(Config\Cache), false)
#3 C:\xampp\htdocs\Dropbox\GitHub\feedNews\public\index.php(45): CodeIgniter\CodeIgniter->run()
#4 {main}
CRITICAL - 2020-12-12 16:46:25 --> Call to a member function whereIn() on array
#0 C:\xampp\htdocs\Dropbox\GitHub\feedNews\system\CodeIgniter.php(918): App\Controllers\Home->index()
#1 C:\xampp\htdocs\Dropbox\GitHub\feedNews\system\CodeIgniter.php(404): CodeIgniter\CodeIgniter->runController(Object(App\Controllers\Home))
#2 C:\xampp\htdocs\Dropbox\GitHub\feedNews\system\CodeIgniter.php(312): CodeIgniter\CodeIgniter->handleRequest(NULL, Object(Config\Cache), false)
#3 C:\xampp\htdocs\Dropbox\GitHub\feedNews\public\index.php(45): CodeIgniter\CodeIgniter->run()
#4 {main}
CRITICAL - 2020-12-12 16:46:30 --> Call to a member function whereIn() on array
#0 C:\xampp\htdocs\Dropbox\GitHub\feedNews\system\CodeIgniter.php(918): App\Controllers\Home->index()
#1 C:\xampp\htdocs\Dropbox\GitHub\feedNews\system\CodeIgniter.php(404): CodeIgniter\CodeIgniter->runController(Object(App\Controllers\Home))
#2 C:\xampp\htdocs\Dropbox\GitHub\feedNews\system\CodeIgniter.php(312): CodeIgniter\CodeIgniter->handleRequest(NULL, Object(Config\Cache), false)
#3 C:\xampp\htdocs\Dropbox\GitHub\feedNews\public\index.php(45): CodeIgniter\CodeIgniter->run()
#4 {main}
CRITICAL - 2020-12-12 16:47:29 --> whereIn() expects $values to be of type array or closure
#0 C:\xampp\htdocs\Dropbox\GitHub\feedNews\system\Database\BaseBuilder.php(853): CodeIgniter\Database\BaseBuilder->_whereIn('date', '20201212', false, 'AND ', NULL)
#1 C:\xampp\htdocs\Dropbox\GitHub\feedNews\system\Model.php(1818): CodeIgniter\Database\BaseBuilder->whereIn('date', '20201212')
#2 C:\xampp\htdocs\Dropbox\GitHub\feedNews\app\Controllers\Home.php(12): CodeIgniter\Model->__call('whereIn', Array)
#3 C:\xampp\htdocs\Dropbox\GitHub\feedNews\system\CodeIgniter.php(918): App\Controllers\Home->index()
#4 C:\xampp\htdocs\Dropbox\GitHub\feedNews\system\CodeIgniter.php(404): CodeIgniter\CodeIgniter->runController(Object(App\Controllers\Home))
#5 C:\xampp\htdocs\Dropbox\GitHub\feedNews\system\CodeIgniter.php(312): CodeIgniter\CodeIgniter->handleRequest(NULL, Object(Config\Cache), false)
#6 C:\xampp\htdocs\Dropbox\GitHub\feedNews\public\index.php(45): CodeIgniter\CodeIgniter->run()
#7 {main}
CRITICAL - 2020-12-12 17:13:08 --> Class 'App\Controllers\Scraping' not found
#0 C:\xampp\htdocs\Dropbox\GitHub\feedNews\system\CodeIgniter.php(918): App\Controllers\Home->index()
#1 C:\xampp\htdocs\Dropbox\GitHub\feedNews\system\CodeIgniter.php(404): CodeIgniter\CodeIgniter->runController(Object(App\Controllers\Home))
#2 C:\xampp\htdocs\Dropbox\GitHub\feedNews\system\CodeIgniter.php(312): CodeIgniter\CodeIgniter->handleRequest(NULL, Object(Config\Cache), false)
#3 C:\xampp\htdocs\Dropbox\GitHub\feedNews\index.php(45): CodeIgniter\CodeIgniter->run()
#4 {main}
CRITICAL - 2020-12-12 17:19:43 --> file_get_contents(Data/webites.json): failed to open stream: No such file or directory
#0 [internal function]: CodeIgniter\Debug\Exceptions->errorHandler(2, 'file_get_conten...', 'C:\\xampp\\htdocs...', 31, Array)
#1 C:\xampp\htdocs\Dropbox\GitHub\feedNews\app\Libraries\scraping.php(31): file_get_contents('Data/webites.js...')
#2 C:\xampp\htdocs\Dropbox\GitHub\feedNews\app\Controllers\Home.php(14): App\Libraries\Scraping->update()
#3 C:\xampp\htdocs\Dropbox\GitHub\feedNews\system\CodeIgniter.php(918): App\Controllers\Home->index()
#4 C:\xampp\htdocs\Dropbox\GitHub\feedNews\system\CodeIgniter.php(404): CodeIgniter\CodeIgniter->runController(Object(App\Controllers\Home))
#5 C:\xampp\htdocs\Dropbox\GitHub\feedNews\system\CodeIgniter.php(312): CodeIgniter\CodeIgniter->handleRequest(NULL, Object(Config\Cache), false)
#6 C:\xampp\htdocs\Dropbox\GitHub\feedNews\index.php(45): CodeIgniter\CodeIgniter->run()
#7 {main}
CRITICAL - 2020-12-12 17:20:16 --> file_get_contents(Data/webites.json): failed to open stream: No such file or directory
#0 [internal function]: CodeIgniter\Debug\Exceptions->errorHandler(2, 'file_get_conten...', 'C:\\xampp\\htdocs...', 31, Array)
#1 C:\xampp\htdocs\Dropbox\GitHub\feedNews\app\Libraries\scraping.php(31): file_get_contents('Data/webites.js...')
#2 C:\xampp\htdocs\Dropbox\GitHub\feedNews\app\Controllers\Home.php(14): App\Libraries\Scraping->update()
#3 C:\xampp\htdocs\Dropbox\GitHub\feedNews\system\CodeIgniter.php(918): App\Controllers\Home->index()
#4 C:\xampp\htdocs\Dropbox\GitHub\feedNews\system\CodeIgniter.php(404): CodeIgniter\CodeIgniter->runController(Object(App\Controllers\Home))
#5 C:\xampp\htdocs\Dropbox\GitHub\feedNews\system\CodeIgniter.php(312): CodeIgniter\CodeIgniter->handleRequest(NULL, Object(Config\Cache), false)
#6 C:\xampp\htdocs\Dropbox\GitHub\feedNews\index.php(45): CodeIgniter\CodeIgniter->run()
#7 {main}
CRITICAL - 2020-12-12 17:20:18 --> Undefined variable: websites
#0 C:\xampp\htdocs\Dropbox\GitHub\feedNews\app\Libraries\scraping.php(31): CodeIgniter\Debug\Exceptions->errorHandler(8, 'Undefined varia...', 'C:\\xampp\\htdocs...', 31, Array)
#1 C:\xampp\htdocs\Dropbox\GitHub\feedNews\app\Controllers\Home.php(14): App\Libraries\Scraping->update()
#2 C:\xampp\htdocs\Dropbox\GitHub\feedNews\system\CodeIgniter.php(918): App\Controllers\Home->index()
#3 C:\xampp\htdocs\Dropbox\GitHub\feedNews\system\CodeIgniter.php(404): CodeIgniter\CodeIgniter->runController(Object(App\Controllers\Home))
#4 C:\xampp\htdocs\Dropbox\GitHub\feedNews\system\CodeIgniter.php(312): CodeIgniter\CodeIgniter->handleRequest(NULL, Object(Config\Cache), false)
#5 C:\xampp\htdocs\Dropbox\GitHub\feedNews\index.php(45): CodeIgniter\CodeIgniter->run()
#6 {main}
CRITICAL - 2020-12-12 17:20:19 --> Undefined variable: websites
#0 C:\xampp\htdocs\Dropbox\GitHub\feedNews\app\Libraries\scraping.php(31): CodeIgniter\Debug\Exceptions->errorHandler(8, 'Undefined varia...', 'C:\\xampp\\htdocs...', 31, Array)
#1 C:\xampp\htdocs\Dropbox\GitHub\feedNews\app\Controllers\Home.php(14): App\Libraries\Scraping->update()
#2 C:\xampp\htdocs\Dropbox\GitHub\feedNews\system\CodeIgniter.php(918): App\Controllers\Home->index()
#3 C:\xampp\htdocs\Dropbox\GitHub\feedNews\system\CodeIgniter.php(404): CodeIgniter\CodeIgniter->runController(Object(App\Controllers\Home))
#4 C:\xampp\htdocs\Dropbox\GitHub\feedNews\system\CodeIgniter.php(312): CodeIgniter\CodeIgniter->handleRequest(NULL, Object(Config\Cache), false)
#5 C:\xampp\htdocs\Dropbox\GitHub\feedNews\index.php(45): CodeIgniter\CodeIgniter->run()
#6 {main}
CRITICAL - 2020-12-12 17:20:23 --> Undefined variable: websites
#0 C:\xampp\htdocs\Dropbox\GitHub\feedNews\app\Libraries\scraping.php(31): CodeIgniter\Debug\Exceptions->errorHandler(8, 'Undefined varia...', 'C:\\xampp\\htdocs...', 31, Array)
#1 C:\xampp\htdocs\Dropbox\GitHub\feedNews\app\Controllers\Home.php(14): App\Libraries\Scraping->update()
#2 C:\xampp\htdocs\Dropbox\GitHub\feedNews\system\CodeIgniter.php(918): App\Controllers\Home->index()
#3 C:\xampp\htdocs\Dropbox\GitHub\feedNews\system\CodeIgniter.php(404): CodeIgniter\CodeIgniter->runController(Object(App\Controllers\Home))
#4 C:\xampp\htdocs\Dropbox\GitHub\feedNews\system\CodeIgniter.php(312): CodeIgniter\CodeIgniter->handleRequest(NULL, Object(Config\Cache), false)
#5 C:\xampp\htdocs\Dropbox\GitHub\feedNews\index.php(45): CodeIgniter\CodeIgniter->run()
#6 {main}
CRITICAL - 2020-12-12 17:23:41 --> Undefined variable: websites
#0 C:\xampp\htdocs\Dropbox\GitHub\feedNews\app\Libraries\scraping.php(31): CodeIgniter\Debug\Exceptions->errorHandler(8, 'Undefined varia...', 'C:\\xampp\\htdocs...', 31, Array)
#1 C:\xampp\htdocs\Dropbox\GitHub\feedNews\app\Controllers\Home.php(14): App\Libraries\Scraping->update()
#2 C:\xampp\htdocs\Dropbox\GitHub\feedNews\system\CodeIgniter.php(918): App\Controllers\Home->index()
#3 C:\xampp\htdocs\Dropbox\GitHub\feedNews\system\CodeIgniter.php(404): CodeIgniter\CodeIgniter->runController(Object(App\Controllers\Home))
#4 C:\xampp\htdocs\Dropbox\GitHub\feedNews\system\CodeIgniter.php(312): CodeIgniter\CodeIgniter->handleRequest(NULL, Object(Config\Cache), false)
#5 C:\xampp\htdocs\Dropbox\GitHub\feedNews\index.php(45): CodeIgniter\CodeIgniter->run()
#6 {main}
CRITICAL - 2020-12-12 17:23:42 --> Undefined variable: websites
#0 C:\xampp\htdocs\Dropbox\GitHub\feedNews\app\Libraries\scraping.php(31): CodeIgniter\Debug\Exceptions->errorHandler(8, 'Undefined varia...', 'C:\\xampp\\htdocs...', 31, Array)
#1 C:\xampp\htdocs\Dropbox\GitHub\feedNews\app\Controllers\Home.php(14): App\Libraries\Scraping->update()
#2 C:\xampp\htdocs\Dropbox\GitHub\feedNews\system\CodeIgniter.php(918): App\Controllers\Home->index()
#3 C:\xampp\htdocs\Dropbox\GitHub\feedNews\system\CodeIgniter.php(404): CodeIgniter\CodeIgniter->runController(Object(App\Controllers\Home))
#4 C:\xampp\htdocs\Dropbox\GitHub\feedNews\system\CodeIgniter.php(312): CodeIgniter\CodeIgniter->handleRequest(NULL, Object(Config\Cache), false)
#5 C:\xampp\htdocs\Dropbox\GitHub\feedNews\index.php(45): CodeIgniter\CodeIgniter->run()
#6 {main}
CRITICAL - 2020-12-12 17:23:44 --> Undefined variable: websites
#0 C:\xampp\htdocs\Dropbox\GitHub\feedNews\app\Libraries\scraping.php(31): CodeIgniter\Debug\Exceptions->errorHandler(8, 'Undefined varia...', 'C:\\xampp\\htdocs...', 31, Array)
#1 C:\xampp\htdocs\Dropbox\GitHub\feedNews\app\Controllers\Home.php(14): App\Libraries\Scraping->update()
#2 C:\xampp\htdocs\Dropbox\GitHub\feedNews\system\CodeIgniter.php(918): App\Controllers\Home->index()
#3 C:\xampp\htdocs\Dropbox\GitHub\feedNews\system\CodeIgniter.php(404): CodeIgniter\CodeIgniter->runController(Object(App\Controllers\Home))
#4 C:\xampp\htdocs\Dropbox\GitHub\feedNews\system\CodeIgniter.php(312): CodeIgniter\CodeIgniter->handleRequest(NULL, Object(Config\Cache), false)
#5 C:\xampp\htdocs\Dropbox\GitHub\feedNews\index.php(45): CodeIgniter\CodeIgniter->run()
#6 {main}
CRITICAL - 2020-12-12 17:23:45 --> Undefined variable: websites
#0 C:\xampp\htdocs\Dropbox\GitHub\feedNews\app\Libraries\scraping.php(31): CodeIgniter\Debug\Exceptions->errorHandler(8, 'Undefined varia...', 'C:\\xampp\\htdocs...', 31, Array)
#1 C:\xampp\htdocs\Dropbox\GitHub\feedNews\app\Controllers\Home.php(14): App\Libraries\Scraping->update()
#2 C:\xampp\htdocs\Dropbox\GitHub\feedNews\system\CodeIgniter.php(918): App\Controllers\Home->index()
#3 C:\xampp\htdocs\Dropbox\GitHub\feedNews\system\CodeIgniter.php(404): CodeIgniter\CodeIgniter->runController(Object(App\Controllers\Home))
#4 C:\xampp\htdocs\Dropbox\GitHub\feedNews\system\CodeIgniter.php(312): CodeIgniter\CodeIgniter->handleRequest(NULL, Object(Config\Cache), false)
#5 C:\xampp\htdocs\Dropbox\GitHub\feedNews\index.php(45): CodeIgniter\CodeIgniter->run()
#6 {main}
CRITICAL - 2020-12-12 17:23:46 --> Undefined variable: websites
#0 C:\xampp\htdocs\Dropbox\GitHub\feedNews\app\Libraries\scraping.php(31): CodeIgniter\Debug\Exceptions->errorHandler(8, 'Undefined varia...', 'C:\\xampp\\htdocs...', 31, Array)
#1 C:\xampp\htdocs\Dropbox\GitHub\feedNews\app\Controllers\Home.php(14): App\Libraries\Scraping->update()
#2 C:\xampp\htdocs\Dropbox\GitHub\feedNews\system\CodeIgniter.php(918): App\Controllers\Home->index()
#3 C:\xampp\htdocs\Dropbox\GitHub\feedNews\system\CodeIgniter.php(404): CodeIgniter\CodeIgniter->runController(Object(App\Controllers\Home))
#4 C:\xampp\htdocs\Dropbox\GitHub\feedNews\system\CodeIgniter.php(312): CodeIgniter\CodeIgniter->handleRequest(NULL, Object(Config\Cache), false)
#5 C:\xampp\htdocs\Dropbox\GitHub\feedNews\index.php(45): CodeIgniter\CodeIgniter->run()
#6 {main}
CRITICAL - 2020-12-12 17:23:47 --> Undefined variable: websites
#0 C:\xampp\htdocs\Dropbox\GitHub\feedNews\app\Libraries\scraping.php(31): CodeIgniter\Debug\Exceptions->errorHandler(8, 'Undefined varia...', 'C:\\xampp\\htdocs...', 31, Array)
#1 C:\xampp\htdocs\Dropbox\GitHub\feedNews\app\Controllers\Home.php(14): App\Libraries\Scraping->update()
#2 C:\xampp\htdocs\Dropbox\GitHub\feedNews\system\CodeIgniter.php(918): App\Controllers\Home->index()
#3 C:\xampp\htdocs\Dropbox\GitHub\feedNews\system\CodeIgniter.php(404): CodeIgniter\CodeIgniter->runController(Object(App\Controllers\Home))
#4 C:\xampp\htdocs\Dropbox\GitHub\feedNews\system\CodeIgniter.php(312): CodeIgniter\CodeIgniter->handleRequest(NULL, Object(Config\Cache), false)
#5 C:\xampp\htdocs\Dropbox\GitHub\feedNews\index.php(45): CodeIgniter\CodeIgniter->run()
#6 {main}
CRITICAL - 2020-12-12 17:23:48 --> Undefined variable: websites
#0 C:\xampp\htdocs\Dropbox\GitHub\feedNews\app\Libraries\scraping.php(31): CodeIgniter\Debug\Exceptions->errorHandler(8, 'Undefined varia...', 'C:\\xampp\\htdocs...', 31, Array)
#1 C:\xampp\htdocs\Dropbox\GitHub\feedNews\app\Controllers\Home.php(14): App\Libraries\Scraping->update()
#2 C:\xampp\htdocs\Dropbox\GitHub\feedNews\system\CodeIgniter.php(918): App\Controllers\Home->index()
#3 C:\xampp\htdocs\Dropbox\GitHub\feedNews\system\CodeIgniter.php(404): CodeIgniter\CodeIgniter->runController(Object(App\Controllers\Home))
#4 C:\xampp\htdocs\Dropbox\GitHub\feedNews\system\CodeIgniter.php(312): CodeIgniter\CodeIgniter->handleRequest(NULL, Object(Config\Cache), false)
#5 C:\xampp\htdocs\Dropbox\GitHub\feedNews\index.php(45): CodeIgniter\CodeIgniter->run()
#6 {main}
CRITICAL - 2020-12-12 17:23:49 --> Undefined variable: websites
#0 C:\xampp\htdocs\Dropbox\GitHub\feedNews\app\Libraries\scraping.php(31): CodeIgniter\Debug\Exceptions->errorHandler(8, 'Undefined varia...', 'C:\\xampp\\htdocs...', 31, Array)
#1 C:\xampp\htdocs\Dropbox\GitHub\feedNews\app\Controllers\Home.php(14): App\Libraries\Scraping->update()
#2 C:\xampp\htdocs\Dropbox\GitHub\feedNews\system\CodeIgniter.php(918): App\Controllers\Home->index()
#3 C:\xampp\htdocs\Dropbox\GitHub\feedNews\system\CodeIgniter.php(404): CodeIgniter\CodeIgniter->runController(Object(App\Controllers\Home))
#4 C:\xampp\htdocs\Dropbox\GitHub\feedNews\system\CodeIgniter.php(312): CodeIgniter\CodeIgniter->handleRequest(NULL, Object(Config\Cache), false)
#5 C:\xampp\htdocs\Dropbox\GitHub\feedNews\index.php(45): CodeIgniter\CodeIgniter->run()
#6 {main}
CRITICAL - 2020-12-12 17:23:53 --> Undefined variable: websites
#0 C:\xampp\htdocs\Dropbox\GitHub\feedNews\app\Libraries\scraping.php(31): CodeIgniter\Debug\Exceptions->errorHandler(8, 'Undefined varia...', 'C:\\xampp\\htdocs...', 31, Array)
#1 C:\xampp\htdocs\Dropbox\GitHub\feedNews\app\Controllers\Home.php(14): App\Libraries\Scraping->update()
#2 C:\xampp\htdocs\Dropbox\GitHub\feedNews\system\CodeIgniter.php(918): App\Controllers\Home->index()
#3 C:\xampp\htdocs\Dropbox\GitHub\feedNews\system\CodeIgniter.php(404): CodeIgniter\CodeIgniter->runController(Object(App\Controllers\Home))
#4 C:\xampp\htdocs\Dropbox\GitHub\feedNews\system\CodeIgniter.php(312): CodeIgniter\CodeIgniter->handleRequest(NULL, Object(Config\Cache), false)
#5 C:\xampp\htdocs\Dropbox\GitHub\feedNews\index.php(45): CodeIgniter\CodeIgniter->run()
#6 {main}
CRITICAL - 2020-12-12 17:24:38 --> file_get_contents(Data/websites.json): failed to open stream: No such file or directory
#0 [internal function]: CodeIgniter\Debug\Exceptions->errorHandler(2, 'file_get_conten...', 'C:\\xampp\\htdocs...', 31, Array)
#1 C:\xampp\htdocs\Dropbox\GitHub\feedNews\app\Libraries\scraping.php(31): file_get_contents('Data/websites.j...')
#2 C:\xampp\htdocs\Dropbox\GitHub\feedNews\app\Controllers\Home.php(14): App\Libraries\Scraping->update()
#3 C:\xampp\htdocs\Dropbox\GitHub\feedNews\system\CodeIgniter.php(918): App\Controllers\Home->index()
#4 C:\xampp\htdocs\Dropbox\GitHub\feedNews\system\CodeIgniter.php(404): CodeIgniter\CodeIgniter->runController(Object(App\Controllers\Home))
#5 C:\xampp\htdocs\Dropbox\GitHub\feedNews\system\CodeIgniter.php(312): CodeIgniter\CodeIgniter->handleRequest(NULL, Object(Config\Cache), false)
#6 C:\xampp\htdocs\Dropbox\GitHub\feedNews\index.php(45): CodeIgniter\CodeIgniter->run()
#7 {main}
CRITICAL - 2020-12-12 17:24:40 --> file_get_contents(Data/websites.json): failed to open stream: No such file or directory
#0 [internal function]: CodeIgniter\Debug\Exceptions->errorHandler(2, 'file_get_conten...', 'C:\\xampp\\htdocs...', 31, Array)
#1 C:\xampp\htdocs\Dropbox\GitHub\feedNews\app\Libraries\scraping.php(31): file_get_contents('Data/websites.j...')
#2 C:\xampp\htdocs\Dropbox\GitHub\feedNews\app\Controllers\Home.php(14): App\Libraries\Scraping->update()
#3 C:\xampp\htdocs\Dropbox\GitHub\feedNews\system\CodeIgniter.php(918): App\Controllers\Home->index()
#4 C:\xampp\htdocs\Dropbox\GitHub\feedNews\system\CodeIgniter.php(404): CodeIgniter\CodeIgniter->runController(Object(App\Controllers\Home))
#5 C:\xampp\htdocs\Dropbox\GitHub\feedNews\system\CodeIgniter.php(312): CodeIgniter\CodeIgniter->handleRequest(NULL, Object(Config\Cache), false)
#6 C:\xampp\htdocs\Dropbox\GitHub\feedNews\index.php(45): CodeIgniter\CodeIgniter->run()
#7 {main}
CRITICAL - 2020-12-12 17:24:44 --> file_get_contents(Data/websites.json): failed to open stream: No such file or directory
#0 [internal function]: CodeIgniter\Debug\Exceptions->errorHandler(2, 'file_get_conten...', 'C:\\xampp\\htdocs...', 31, Array)
#1 C:\xampp\htdocs\Dropbox\GitHub\feedNews\app\Libraries\scraping.php(31): file_get_contents('Data/websites.j...')
#2 C:\xampp\htdocs\Dropbox\GitHub\feedNews\app\Controllers\Home.php(14): App\Libraries\Scraping->update()
#3 C:\xampp\htdocs\Dropbox\GitHub\feedNews\system\CodeIgniter.php(918): App\Controllers\Home->index()
#4 C:\xampp\htdocs\Dropbox\GitHub\feedNews\system\CodeIgniter.php(404): CodeIgniter\CodeIgniter->runController(Object(App\Controllers\Home))
#5 C:\xampp\htdocs\Dropbox\GitHub\feedNews\system\CodeIgniter.php(312): CodeIgniter\CodeIgniter->handleRequest(NULL, Object(Config\Cache), false)
#6 C:\xampp\htdocs\Dropbox\GitHub\feedNews\index.php(45): CodeIgniter\CodeIgniter->run()
#7 {main}
CRITICAL - 2020-12-12 17:24:45 --> file_get_contents(Data/websites.json): failed to open stream: No such file or directory
#0 [internal function]: CodeIgniter\Debug\Exceptions->errorHandler(2, 'file_get_conten...', 'C:\\xampp\\htdocs...', 31, Array)
#1 C:\xampp\htdocs\Dropbox\GitHub\feedNews\app\Libraries\scraping.php(31): file_get_contents('Data/websites.j...')
#2 C:\xampp\htdocs\Dropbox\GitHub\feedNews\app\Controllers\Home.php(14): App\Libraries\Scraping->update()
#3 C:\xampp\htdocs\Dropbox\GitHub\feedNews\system\CodeIgniter.php(918): App\Controllers\Home->index()
#4 C:\xampp\htdocs\Dropbox\GitHub\feedNews\system\CodeIgniter.php(404): CodeIgniter\CodeIgniter->runController(Object(App\Controllers\Home))
#5 C:\xampp\htdocs\Dropbox\GitHub\feedNews\system\CodeIgniter.php(312): CodeIgniter\CodeIgniter->handleRequest(NULL, Object(Config\Cache), false)
#6 C:\xampp\htdocs\Dropbox\GitHub\feedNews\index.php(45): CodeIgniter\CodeIgniter->run()
#7 {main}
CRITICAL - 2020-12-12 17:25:00 --> file_get_contents(../Data/websites.json): failed to open stream: No such file or directory
#0 [internal function]: CodeIgniter\Debug\Exceptions->errorHandler(2, 'file_get_conten...', 'C:\\xampp\\htdocs...', 31, Array)
#1 C:\xampp\htdocs\Dropbox\GitHub\feedNews\app\Libraries\scraping.php(31): file_get_contents('../Data/website...')
#2 C:\xampp\htdocs\Dropbox\GitHub\feedNews\app\Controllers\Home.php(14): App\Libraries\Scraping->update()
#3 C:\xampp\htdocs\Dropbox\GitHub\feedNews\system\CodeIgniter.php(918): App\Controllers\Home->index()
#4 C:\xampp\htdocs\Dropbox\GitHub\feedNews\system\CodeIgniter.php(404): CodeIgniter\CodeIgniter->runController(Object(App\Controllers\Home))
#5 C:\xampp\htdocs\Dropbox\GitHub\feedNews\system\CodeIgniter.php(312): CodeIgniter\CodeIgniter->handleRequest(NULL, Object(Config\Cache), false)
#6 C:\xampp\htdocs\Dropbox\GitHub\feedNews\index.php(45): CodeIgniter\CodeIgniter->run()
#7 {main}
CRITICAL - 2020-12-12 17:25:03 --> file_get_contents(../Data/websites.json): failed to open stream: No such file or directory
#0 [internal function]: CodeIgniter\Debug\Exceptions->errorHandler(2, 'file_get_conten...', 'C:\\xampp\\htdocs...', 31, Array)
#1 C:\xampp\htdocs\Dropbox\GitHub\feedNews\app\Libraries\scraping.php(31): file_get_contents('../Data/website...')
#2 C:\xampp\htdocs\Dropbox\GitHub\feedNews\app\Controllers\Home.php(14): App\Libraries\Scraping->update()
#3 C:\xampp\htdocs\Dropbox\GitHub\feedNews\system\CodeIgniter.php(918): App\Controllers\Home->index()
#4 C:\xampp\htdocs\Dropbox\GitHub\feedNews\system\CodeIgniter.php(404): CodeIgniter\CodeIgniter->runController(Object(App\Controllers\Home))
#5 C:\xampp\htdocs\Dropbox\GitHub\feedNews\system\CodeIgniter.php(312): CodeIgniter\CodeIgniter->handleRequest(NULL, Object(Config\Cache), false)
#6 C:\xampp\htdocs\Dropbox\GitHub\feedNews\index.php(45): CodeIgniter\CodeIgniter->run()
#7 {main}
CRITICAL - 2020-12-12 17:27:10 --> file_get_contents(../../Data/websites.json): failed to open stream: No such file or directory
#0 [internal function]: CodeIgniter\Debug\Exceptions->errorHandler(2, 'file_get_conten...', 'C:\\xampp\\htdocs...', 31, Array)
#1 C:\xampp\htdocs\Dropbox\GitHub\feedNews\app\Libraries\scraping.php(31): file_get_contents('../../Data/webs...')
#2 C:\xampp\htdocs\Dropbox\GitHub\feedNews\app\Controllers\Home.php(14): App\Libraries\Scraping->update()
#3 C:\xampp\htdocs\Dropbox\GitHub\feedNews\system\CodeIgniter.php(918): App\Controllers\Home->index()
#4 C:\xampp\htdocs\Dropbox\GitHub\feedNews\system\CodeIgniter.php(404): CodeIgniter\CodeIgniter->runController(Object(App\Controllers\Home))
#5 C:\xampp\htdocs\Dropbox\GitHub\feedNews\system\CodeIgniter.php(312): CodeIgniter\CodeIgniter->handleRequest(NULL, Object(Config\Cache), false)
#6 C:\xampp\htdocs\Dropbox\GitHub\feedNews\index.php(45): CodeIgniter\CodeIgniter->run()
#7 {main}
CRITICAL - 2020-12-12 17:27:19 --> file_get_contents(./Data/websites.json): failed to open stream: No such file or directory
#0 [internal function]: CodeIgniter\Debug\Exceptions->errorHandler(2, 'file_get_conten...', 'C:\\xampp\\htdocs...', 31, Array)
#1 C:\xampp\htdocs\Dropbox\GitHub\feedNews\app\Libraries\scraping.php(31): file_get_contents('./Data/websites...')
#2 C:\xampp\htdocs\Dropbox\GitHub\feedNews\app\Controllers\Home.php(14): App\Libraries\Scraping->update()
#3 C:\xampp\htdocs\Dropbox\GitHub\feedNews\system\CodeIgniter.php(918): App\Controllers\Home->index()
#4 C:\xampp\htdocs\Dropbox\GitHub\feedNews\system\CodeIgniter.php(404): CodeIgniter\CodeIgniter->runController(Object(App\Controllers\Home))
#5 C:\xampp\htdocs\Dropbox\GitHub\feedNews\system\CodeIgniter.php(312): CodeIgniter\CodeIgniter->handleRequest(NULL, Object(Config\Cache), false)
#6 C:\xampp\htdocs\Dropbox\GitHub\feedNews\index.php(45): CodeIgniter\CodeIgniter->run()
#7 {main}
CRITICAL - 2020-12-12 17:29:43 --> file_get_contents(./Data/websites.json): failed to open stream: No such file or directory
#0 [internal function]: CodeIgniter\Debug\Exceptions->errorHandler(2, 'file_get_conten...', 'C:\\xampp\\htdocs...', 31, Array)
#1 C:\xampp\htdocs\Dropbox\GitHub\feedNews\app\Libraries\scraping.php(31): file_get_contents('./Data/websites...')
#2 C:\xampp\htdocs\Dropbox\GitHub\feedNews\app\Controllers\Home.php(14): App\Libraries\Scraping->update()
#3 C:\xampp\htdocs\Dropbox\GitHub\feedNews\system\CodeIgniter.php(918): App\Controllers\Home->index()
#4 C:\xampp\htdocs\Dropbox\GitHub\feedNews\system\CodeIgniter.php(404): CodeIgniter\CodeIgniter->runController(Object(App\Controllers\Home))
#5 C:\xampp\htdocs\Dropbox\GitHub\feedNews\system\CodeIgniter.php(312): CodeIgniter\CodeIgniter->handleRequest(NULL, Object(Config\Cache), false)
#6 C:\xampp\htdocs\Dropbox\GitHub\feedNews\index.php(45): CodeIgniter\CodeIgniter->run()
#7 {main}
CRITICAL - 2020-12-12 17:29:46 --> Undefined variable: array
#0 C:\xampp\htdocs\Dropbox\GitHub\feedNews\app\Libraries\scraping.php(30): CodeIgniter\Debug\Exceptions->errorHandler(8, 'Undefined varia...', 'C:\\xampp\\htdocs...', 30, Array)
#1 C:\xampp\htdocs\Dropbox\GitHub\feedNews\app\Controllers\Home.php(14): App\Libraries\Scraping->update()
#2 C:\xampp\htdocs\Dropbox\GitHub\feedNews\system\CodeIgniter.php(918): App\Controllers\Home->index()
#3 C:\xampp\htdocs\Dropbox\GitHub\feedNews\system\CodeIgniter.php(404): CodeIgniter\CodeIgniter->runController(Object(App\Controllers\Home))
#4 C:\xampp\htdocs\Dropbox\GitHub\feedNews\system\CodeIgniter.php(312): CodeIgniter\CodeIgniter->handleRequest(NULL, Object(Config\Cache), false)
#5 C:\xampp\htdocs\Dropbox\GitHub\feedNews\index.php(45): CodeIgniter\CodeIgniter->run()
#6 {main}
CRITICAL - 2020-12-12 17:30:49 --> Class 'App\Libraries\DOMDocument' not found
#0 C:\xampp\htdocs\Dropbox\GitHub\feedNews\app\Libraries\scraping.php(41): App\Libraries\Scraping->getDom('<!DOCTYPE html>...')
#1 C:\xampp\htdocs\Dropbox\GitHub\feedNews\app\Controllers\Home.php(14): App\Libraries\Scraping->update()
#2 C:\xampp\htdocs\Dropbox\GitHub\feedNews\system\CodeIgniter.php(918): App\Controllers\Home->index()
#3 C:\xampp\htdocs\Dropbox\GitHub\feedNews\system\CodeIgniter.php(404): CodeIgniter\CodeIgniter->runController(Object(App\Controllers\Home))
#4 C:\xampp\htdocs\Dropbox\GitHub\feedNews\system\CodeIgniter.php(312): CodeIgniter\CodeIgniter->handleRequest(NULL, Object(Config\Cache), false)
#5 C:\xampp\htdocs\Dropbox\GitHub\feedNews\index.php(45): CodeIgniter\CodeIgniter->run()
#6 {main}
CRITICAL - 2020-12-12 17:36:05 --> syntax error, unexpected '"title"' (T_CONSTANT_ENCAPSED_STRING), expecting ')'
#0 C:\xampp\htdocs\Dropbox\GitHub\feedNews\system\Autoloader\Autoloader.php(296): CodeIgniter\Autoloader\Autoloader->requireFile('C:\\xampp\\htdocs...')
#1 C:\xampp\htdocs\Dropbox\GitHub\feedNews\system\Autoloader\Autoloader.php(258): CodeIgniter\Autoloader\Autoloader->loadInNamespace('App\\Libraries\\s...')
#2 [internal function]: CodeIgniter\Autoloader\Autoloader->loadClass('App\\Libraries\\s...')
#3 C:\xampp\htdocs\Dropbox\GitHub\feedNews\app\Controllers\Home.php(13): spl_autoload_call('App\\Libraries\\s...')
#4 C:\xampp\htdocs\Dropbox\GitHub\feedNews\system\CodeIgniter.php(918): App\Controllers\Home->index()
#5 C:\xampp\htdocs\Dropbox\GitHub\feedNews\system\CodeIgniter.php(404): CodeIgniter\CodeIgniter->runController(Object(App\Controllers\Home))
#6 C:\xampp\htdocs\Dropbox\GitHub\feedNews\system\CodeIgniter.php(312): CodeIgniter\CodeIgniter->handleRequest(NULL, Object(Config\Cache), false)
#7 C:\xampp\htdocs\Dropbox\GitHub\feedNews\index.php(45): CodeIgniter\CodeIgniter->run()
#8 {main}
