CRITICAL - 2020-12-13 09:05:15 --> syntax error, unexpected ','
#0 C:\xampp\htdocs\Dropbox\GitHub\feedNews\system\Common.php(1119): CodeIgniter\View\View->render('newsForm', Array, true)
#1 C:\xampp\htdocs\Dropbox\GitHub\feedNews\app\Controllers\Home.php(116): view('newsForm', Array)
#2 C:\xampp\htdocs\Dropbox\GitHub\feedNews\system\CodeIgniter.php(918): App\Controllers\Home->editData()
#3 C:\xampp\htdocs\Dropbox\GitHub\feedNews\system\CodeIgniter.php(404): CodeIgniter\CodeIgniter->runController(Object(App\Controllers\Home))
#4 C:\xampp\htdocs\Dropbox\GitHub\feedNews\system\CodeIgniter.php(312): CodeIgniter\CodeIgniter->handleRequest(NULL, Object(Config\Cache), false)
#5 C:\xampp\htdocs\Dropbox\GitHub\feedNews\index.php(45): CodeIgniter\CodeIgniter->run()
#6 {main}
CRITICAL - 2020-12-13 09:06:20 --> syntax error, unexpected '=>' (T_DOUBLE_ARROW), expecting ',' or ')'
#0 C:\xampp\htdocs\Dropbox\GitHub\feedNews\system\Common.php(1119): CodeIgniter\View\View->render('newsForm', Array, true)
#1 C:\xampp\htdocs\Dropbox\GitHub\feedNews\app\Controllers\Home.php(116): view('newsForm', Array)
#2 C:\xampp\htdocs\Dropbox\GitHub\feedNews\system\CodeIgniter.php(918): App\Controllers\Home->editData()
#3 C:\xampp\htdocs\Dropbox\GitHub\feedNews\system\CodeIgniter.php(404): CodeIgniter\CodeIgniter->runController(Object(App\Controllers\Home))
#4 C:\xampp\htdocs\Dropbox\GitHub\feedNews\system\CodeIgniter.php(312): CodeIgniter\CodeIgniter->handleRequest(NULL, Object(Config\Cache), false)
#5 C:\xampp\htdocs\Dropbox\GitHub\feedNews\index.php(45): CodeIgniter\CodeIgniter->run()
#6 {main}
CRITICAL - 2020-12-13 09:15:22 --> Undefined variable: id
#0 C:\xampp\htdocs\Dropbox\GitHub\feedNews\app\Views\newsForm.php(26): CodeIgniter\Debug\Exceptions->errorHandler(8, 'Undefined varia...', 'C:\\xampp\\htdocs...', 26, Array)
#1 C:\xampp\htdocs\Dropbox\GitHub\feedNews\system\View\View.php(246): include('C:\\xampp\\htdocs...')
#2 C:\xampp\htdocs\Dropbox\GitHub\feedNews\system\Common.php(1119): CodeIgniter\View\View->render('newsForm', Array, true)
#3 C:\xampp\htdocs\Dropbox\GitHub\feedNews\app\Controllers\Home.php(57): view('newsForm')
#4 C:\xampp\htdocs\Dropbox\GitHub\feedNews\system\CodeIgniter.php(918): App\Controllers\Home->news()
#5 C:\xampp\htdocs\Dropbox\GitHub\feedNews\system\CodeIgniter.php(404): CodeIgniter\CodeIgniter->runController(Object(App\Controllers\Home))
#6 C:\xampp\htdocs\Dropbox\GitHub\feedNews\system\CodeIgniter.php(312): CodeIgniter\CodeIgniter->handleRequest(NULL, Object(Config\Cache), false)
#7 C:\xampp\htdocs\Dropbox\GitHub\feedNews\index.php(45): CodeIgniter\CodeIgniter->run()
#8 {main}
CRITICAL - 2020-12-13 09:51:12 --> Undefined offset: 0
#0 C:\xampp\htdocs\Dropbox\GitHub\feedNews\app\Views\newsForm.php(14): CodeIgniter\Debug\Exceptions->errorHandler(8, 'Undefined offse...', 'C:\\xampp\\htdocs...', 14, Array)
#1 C:\xampp\htdocs\Dropbox\GitHub\feedNews\system\View\View.php(246): include('C:\\xampp\\htdocs...')
#2 C:\xampp\htdocs\Dropbox\GitHub\feedNews\system\Common.php(1119): CodeIgniter\View\View->render('newsForm', Array, true)
#3 C:\xampp\htdocs\Dropbox\GitHub\feedNews\app\Controllers\Home.php(106): view('newsForm', Array)
#4 C:\xampp\htdocs\Dropbox\GitHub\feedNews\system\CodeIgniter.php(918): App\Controllers\Home->editData()
#5 C:\xampp\htdocs\Dropbox\GitHub\feedNews\system\CodeIgniter.php(404): CodeIgniter\CodeIgniter->runController(Object(App\Controllers\Home))
#6 C:\xampp\htdocs\Dropbox\GitHub\feedNews\system\CodeIgniter.php(312): CodeIgniter\CodeIgniter->handleRequest(NULL, Object(Config\Cache), false)
#7 C:\xampp\htdocs\Dropbox\GitHub\feedNews\index.php(45): CodeIgniter\CodeIgniter->run()
#8 {main}
CRITICAL - 2020-12-13 09:52:36 --> syntax error, unexpected '->' (T_OBJECT_OPERATOR)
#0 C:\xampp\htdocs\Dropbox\GitHub\feedNews\system\Autoloader\Autoloader.php(296): CodeIgniter\Autoloader\Autoloader->requireFile('C:\\xampp\\htdocs...')
#1 C:\xampp\htdocs\Dropbox\GitHub\feedNews\system\Autoloader\Autoloader.php(258): CodeIgniter\Autoloader\Autoloader->loadInNamespace('App\\Controllers...')
#2 [internal function]: CodeIgniter\Autoloader\Autoloader->loadClass('App\\Controllers...')
#3 [internal function]: spl_autoload_call('App\\Controllers...')
#4 C:\xampp\htdocs\Dropbox\GitHub\feedNews\system\CodeIgniter.php(869): class_exists('\\App\\Controller...', true)
#5 C:\xampp\htdocs\Dropbox\GitHub\feedNews\system\CodeIgniter.php(394): CodeIgniter\CodeIgniter->startController()
#6 C:\xampp\htdocs\Dropbox\GitHub\feedNews\system\CodeIgniter.php(312): CodeIgniter\CodeIgniter->handleRequest(NULL, Object(Config\Cache), false)
#7 C:\xampp\htdocs\Dropbox\GitHub\feedNews\index.php(45): CodeIgniter\CodeIgniter->run()
#8 {main}
CRITICAL - 2020-12-13 09:53:28 --> syntax error, unexpected '->' (T_OBJECT_OPERATOR)
#0 C:\xampp\htdocs\Dropbox\GitHub\feedNews\system\Autoloader\Autoloader.php(296): CodeIgniter\Autoloader\Autoloader->requireFile('C:\\xampp\\htdocs...')
#1 C:\xampp\htdocs\Dropbox\GitHub\feedNews\system\Autoloader\Autoloader.php(258): CodeIgniter\Autoloader\Autoloader->loadInNamespace('App\\Controllers...')
#2 [internal function]: CodeIgniter\Autoloader\Autoloader->loadClass('App\\Controllers...')
#3 [internal function]: spl_autoload_call('App\\Controllers...')
#4 C:\xampp\htdocs\Dropbox\GitHub\feedNews\system\CodeIgniter.php(869): class_exists('\\App\\Controller...', true)
#5 C:\xampp\htdocs\Dropbox\GitHub\feedNews\system\CodeIgniter.php(394): CodeIgniter\CodeIgniter->startController()
#6 C:\xampp\htdocs\Dropbox\GitHub\feedNews\system\CodeIgniter.php(312): CodeIgniter\CodeIgniter->handleRequest(NULL, Object(Config\Cache), false)
#7 C:\xampp\htdocs\Dropbox\GitHub\feedNews\index.php(45): CodeIgniter\CodeIgniter->run()
#8 {main}
CRITICAL - 2020-12-13 09:55:03 --> Undefined offset: 0
#0 C:\xampp\htdocs\Dropbox\GitHub\feedNews\app\Views\newsForm.php(14): CodeIgniter\Debug\Exceptions->errorHandler(8, 'Undefined offse...', 'C:\\xampp\\htdocs...', 14, Array)
#1 C:\xampp\htdocs\Dropbox\GitHub\feedNews\system\View\View.php(246): include('C:\\xampp\\htdocs...')
#2 C:\xampp\htdocs\Dropbox\GitHub\feedNews\system\Common.php(1119): CodeIgniter\View\View->render('newsForm', Array, true)
#3 C:\xampp\htdocs\Dropbox\GitHub\feedNews\app\Controllers\Home.php(106): view('newsForm', Array)
#4 C:\xampp\htdocs\Dropbox\GitHub\feedNews\system\CodeIgniter.php(918): App\Controllers\Home->editData()
#5 C:\xampp\htdocs\Dropbox\GitHub\feedNews\system\CodeIgniter.php(404): CodeIgniter\CodeIgniter->runController(Object(App\Controllers\Home))
#6 C:\xampp\htdocs\Dropbox\GitHub\feedNews\system\CodeIgniter.php(312): CodeIgniter\CodeIgniter->handleRequest(NULL, Object(Config\Cache), false)
#7 C:\xampp\htdocs\Dropbox\GitHub\feedNews\index.php(45): CodeIgniter\CodeIgniter->run()
#8 {main}
CRITICAL - 2020-12-13 10:41:10 --> Request URI segment is out of range: 2
#0 C:\xampp\htdocs\Dropbox\GitHub\feedNews\system\HTTP\URI.php(515): CodeIgniter\HTTP\Exceptions\HTTPException::forURISegmentOutOfRange(2)
#1 C:\xampp\htdocs\Dropbox\GitHub\feedNews\app\Controllers\Home.php(99): CodeIgniter\HTTP\URI->getSegment(2)
#2 C:\xampp\htdocs\Dropbox\GitHub\feedNews\system\CodeIgniter.php(918): App\Controllers\Home->editData()
#3 C:\xampp\htdocs\Dropbox\GitHub\feedNews\system\CodeIgniter.php(404): CodeIgniter\CodeIgniter->runController(Object(App\Controllers\Home))
#4 C:\xampp\htdocs\Dropbox\GitHub\feedNews\system\CodeIgniter.php(312): CodeIgniter\CodeIgniter->handleRequest(NULL, Object(Config\Cache), false)
#5 C:\xampp\htdocs\Dropbox\GitHub\feedNews\index.php(45): CodeIgniter\CodeIgniter->run()
#6 {main}
